
LICENSE SYSTEM [2018118 15:54:19] Next license update check is after 2018-01-19T05:52:06

Built from '2017.2/staging' branch; Version is '2017.2.0b4 (0c51d4e28d7f) revision 807380'; Using compiler version '160040219'
OS: 'Windows 10  (10.0.0) 64bit' Language: 'ja' Physical Memory: 8016 MB
BatchMode: 1, IsHumanControllingUs: 0, StartBugReporterOnCrash: 0, Is64bit: 1, IsPro: 0
PackageManager Server::Start -- Port 49487 was selected

 COMMAND LINE ARGUMENTS:
C:\Program Files\Unity2017.2.0b4\Editor\Unity.exe
-projectPath
C:\Users\hisat\Unity_project\SmallSample_for_Jenkins
-quit
-batchmode
-logFile
build.log
-executeMethod
JBuilder.BuildProjectAllSceneAndroid
Successfully changed project path to: C:\Users\hisat\Unity_project\SmallSample_for_Jenkins
C:/Users/hisat/Unity_project/SmallSample_for_Jenkins
Loading GUID <-> Path mappings...0.000063 seconds
Loading Asset Database...0.083051 seconds
Audio: FMOD Profiler initialized on port 54900
AssetDatabase consistency checks...0.682690 seconds
Refreshing native plugins compatible for Editor in 114.77 ms, found 0 plugins.
Preloading 0 native plugins for Editor in 0.00 ms.
DisplayProgressbar: Unity Package Manager

----- PackageManager resolved 3 packages:
 * Package :  com.unity.analytics@0.0.17
    (location: C:\WINDOWS\system32\config\systemprofile\AppData\LocalLow\Unity\cache\packages\packages.unity.com\com.unity.analytics@0.0.17)
 * Package :  com.unity.purchasing@0.0.18
    (location: C:\WINDOWS\system32\config\systemprofile\AppData\LocalLow\Unity\cache\packages\packages.unity.com\com.unity.purchasing@0.0.18)
 * Package :  com.unity.ads@0.0.16
    (location: C:\WINDOWS\system32\config\systemprofile\AppData\LocalLow\Unity\cache\packages\packages.unity.com\com.unity.ads@0.0.16)
----- End PackageManager resolve
Initialize engine version: 2017.2.0b4 (0c51d4e28d7f)
GfxDevice: creating device client; threaded=0
Direct3D:
    Version:  Direct3D 11.0 [level 11.1]
    Renderer: Intel(R) HD Graphics 530 (ID=0x191b)
    Vendor:   Intel
    VRAM:     2132 MB
    Driver:   21.20.16.4542
Initialize mono
Mono path[0] = 'C:/Program Files/Unity2017.2.0b4/Editor/Data/Managed'
Mono path[1] = 'C:/Program Files/Unity2017.2.0b4/Editor/Data/Mono/lib/mono/2.0'
Mono config path = 'C:/Program Files/Unity2017.2.0b4/Editor/Data/Mono/etc'
Using monoOptions --debugger-agent=transport=dt_socket,embedding=1,defer=y,address=0.0.0.0:56512
Begin MonoManager ReloadAssembly
Refreshing native plugins compatible for Editor in 0.37 ms, found 5 plugins.
Initializing Unity.PackageManager (PackageManager) v2017.2.0 for Unity v2017.2.0b4
Registering precompiled unity dll's ...
Register platform support module: C:\Program Files\Unity2017.2.0b4\Editor\Data\PlaybackEngines\AndroidPlayer/UnityEditor.Android.Extensions.dll
Register platform support module: C:/Program Files/Unity2017.2.0b4/Editor/Data/PlaybackEngines/iOSSupport/UnityEditor.iOS.Extensions.dll
Register platform support module: C:\Program Files\Unity2017.2.0b4\Editor\Data\PlaybackEngines\MetroSupport/UnityEditor.WSA.Extensions.dll
Register platform support module: C:\Program Files\Unity2017.2.0b4\Editor\Data\PlaybackEngines\WebGLSupport/UnityEditor.WebGL.Extensions.dll
Register platform support module: C:\Program Files\Unity2017.2.0b4\Editor\Data\PlaybackEngines\windowsstandalonesupport/UnityEditor.WindowsStandalone.Extensions.dll
Registered in 0.005253 seconds.
Refreshing native plugins compatible for Editor in 0.40 ms, found 5 plugins.
Preloading 3 native plugins for Editor in 28.00 ms.
Mono: successfully reloaded assembly
- Completed reload, in  0.928 seconds
Registering platform support modules:
Registered platform support modules in: 0.0995982s.
Native extension for WindowsStandalone target not found
Native extension for WebGL target not found
Native extension for Metro target not found
[usbmuxd] Start listen thread
[usbmuxd] Listen thread started
Native extension for iOS target not found
Native extension for Android target not found
Begin MonoManager ReloadAssembly
Registering precompiled user dll's ...
Registered in 0.108212 seconds.
Refreshing native plugins compatible for Editor in 0.43 ms, found 5 plugins.
Preloading 3 native plugins for Editor in 0.43 ms.
Mono: successfully reloaded assembly
- Completed reload, in  0.921 seconds
Initializing Unity.PackageManager (PackageManager) v2017.2.0 for Unity v2017.2.0b4
Registering platform support modules:
Registered platform support modules in: 0.0634794s.
Native extension for WindowsStandalone target not found
Native extension for WebGL target not found
Native extension for Metro target not found
Native extension for iOS target not found
Native extension for Android target not found
Validating Project structure ... 0.000492 seconds.
Refresh: detecting if any assets need to be imported or removed ... Refresh: elapses 0.060374 seconds
Refreshing native plugins compatible for Editor in 0.43 ms, found 5 plugins.
Preloading 3 native plugins for Editor in 0.35 ms.

----- Total AssetImport time: 0.046939s, AssetImport time: 0.000000s, Asset hashing: 0.000000s [0 B, 0.000000 mb/s]

Warming cache for 125 main assets: 0.000272 seconds elapsed
Initializing Unity extensions:
Updating C:/Program Files/Unity2017.2.0b4/Editor/Data/PlaybackEngines/MetroSupport/Managed/UAP/UnityEngine.Networking.dll - GUID: 52a206b72a8f4f749c28d8b18b42dd19...
 done. [Time: 59.156148 ms] 
Refreshing native plugins compatible for Editor in 1.57 ms, found 5 plugins.
Preloading 3 native plugins for Editor in 0.40 ms.

----- Total AssetImport time: 0.124580s, AssetImport time: 0.094660s, Asset hashing: 0.000000s [0 B, 0.000000 mb/s]

 'C:/Program Files/Unity2017.2.0b4/Editor/Data/UnityExtensions/Unity/UnityHoloLens/Editor/UnityEditor.HoloLens.dll'  GUID: 12fd8a0055b84bb59e84c9835a37e333
 'C:/Program Files/Unity2017.2.0b4/Editor/Data/UnityExtensions/Unity/Timeline/Runtime/UnityEngine.Timeline.dll'  GUID: 6a10b2909283487f913b00d94cd3faf5
 'C:/Program Files/Unity2017.2.0b4/Editor/Data/UnityExtensions/Unity/TestRunner/portable/nunit.framework.dll'  GUID: 405b9b51bb344a128608d968297df79c
 'C:/Program Files/Unity2017.2.0b4/Editor/Data/UnityExtensions/Unity/GUISystem/Standalone/UnityEngine.UI.dll'  GUID: f70555f144d8491a825f0804e09c671c
 'C:/Program Files/Unity2017.2.0b4/Editor/Data/UnityExtensions/Unity/GUISystem/UnityEngine.UI.dll'  GUID: f5f67c52d1564df4a8936ccd202a3bd8
 'C:/Program Files/Unity2017.2.0b4/Editor/Data/UnityExtensions/Unity/Timeline/RuntimeEditor/UnityEngine.Timeline.dll'  GUID: 844f815391db42d49455cbf1a7bfc434
 'C:/Program Files/Unity2017.2.0b4/Editor/Data/UnityExtensions/Unity/Networking/Standalone/UnityEngine.Networking.dll'  GUID: dc443db3e92b4983b9738c1131f555cb
 'C:/Program Files/Unity2017.2.0b4/Editor/Data/UnityExtensions/Unity/UnityGoogleAudioSpatializer/Editor/UnityEditor.GoogleAudioSpatializer.dll'  GUID: 4a3ecb1425d14502837abea459cf2b70
 'C:/Program Files/Unity2017.2.0b4/Editor/Data/UnityExtensions/Unity/UnityAR/Runtime/UnityEngine.AR.dll'  GUID: 55124034dbca473797875ff1c2fe6227
 'C:/Program Files/Unity2017.2.0b4/Editor/Data/UnityExtensions/Unity/Networking/Editor/UnityEditor.Networking.dll'  GUID: 5f32cd94baa94578a686d4b9d6b660f7
 'C:/Program Files/Unity2017.2.0b4/Editor/Data/UnityExtensions/Unity/UnityHoloLens/Runtime/UnityEngine.HoloLens.dll'  GUID: f7b54ff4a43d4fcf81b4538b678e0bcc
 'C:/Program Files/Unity2017.2.0b4/Editor/Data/PlaybackEngines/MetroSupport/Managed/UAP/UnityEngine.Networking.dll'  GUID: 52a206b72a8f4f749c28d8b18b42dd19
 'C:/Program Files/Unity2017.2.0b4/Editor/Data/UnityExtensions/Unity/TreeEditor/Editor/UnityEditor.TreeEditor.dll'  GUID: adebbd281f1a4ef3a30be7f21937e02f
 'C:/Program Files/Unity2017.2.0b4/Editor/Data/UnityExtensions/Unity/Networking/UnityEngine.Networking.dll'  GUID: 870353891bb340e2b2a9c8707e7419ba
 'C:/Program Files/Unity2017.2.0b4/Editor/Data/UnityExtensions/Unity/UnityAR/RuntimeEditor/UnityEngine.AR.dll'  GUID: 40bee30ae221439d99793e516f6a9e29
 'C:/Program Files/Unity2017.2.0b4/Editor/Data/UnityExtensions/Unity/UnityAR/Editor/UnityEditor.AR.dll'  GUID: a50f502a33ed43a2be49767d5ee4a12d
 'C:/Program Files/Unity2017.2.0b4/Editor/Data/UnityExtensions/Unity/TestRunner/UnityEngine.TestRunner.dll'  GUID: 53ebcfaa2e1e4e2dbc85882cd5a73fa1
 'C:/Program Files/Unity2017.2.0b4/Editor/Data/UnityExtensions/Unity/UnityGoogleAudioSpatializer/RuntimeEditor/UnityEngine.GoogleAudioSpatializer.dll'  GUID: ead147da21254ff9a0a936bdd75e1680
 'C:/Program Files/Unity2017.2.0b4/Editor/Data/UnityExtensions/Unity/UnityGoogleAudioSpatializer/Runtime/UnityEngine.GoogleAudioSpatializer.dll'  GUID: e4f4cf1b9b434137a499903a7a1d651a
 'C:/Program Files/Unity2017.2.0b4/Editor/Data/UnityExtensions/Unity/UnityVR/Editor/UnityEditor.VR.dll'  GUID: 4ba2329b63d54f0187bcaa12486b1b0f
 'C:/Program Files/Unity2017.2.0b4/Editor/Data/UnityExtensions/Unity/UnityHoloLens/RuntimeEditor/UnityEngine.HoloLens.dll'  GUID: 1c6d1fbb51834b64847b1b73a75bfc77
 'C:/Program Files/Unity2017.2.0b4/Editor/Data/UnityExtensions/Unity/GUISystem/Editor/UnityEditor.UI.dll'  GUID: 80a3616ca19596e4da0f10f14d241e9f
 'C:/Program Files/Unity2017.2.0b4/Editor/Data/UnityExtensions/Unity/UIAutomation/UnityEngine.UIAutomation.dll'  GUID: c768acbc9cf24d398488bb4c93b91288
 'C:/Program Files/Unity2017.2.0b4/Editor/Data/UnityExtensions/Unity/TestRunner/Editor/UnityEditor.TestRunner.dll'  GUID: 4113173d5e95493ab8765d7b08371de4
 'C:/Program Files/Unity2017.2.0b4/Editor/Data/UnityExtensions/Unity/TestRunner/net35/unity-custom/nunit.framework.dll'  GUID: 4b3fa4bde7f1451a8218c03ee6a8ded8
 'C:/Program Files/Unity2017.2.0b4/Editor/Data/UnityExtensions/Unity/UIAutomation/Editor/UnityEditor.UIAutomation.dll'  GUID: b8a0574e92bd43a59e19d6c3c6ae54c7
 'C:/Program Files/Unity2017.2.0b4/Editor/Data/UnityExtensions/Unity/Timeline/Editor/UnityEditor.Timeline.dll'  GUID: 7668179ede524d6396c8b7d84461ea29
Unloading 106 Unused Serialized files (Serialized files now loaded: 0)
System memory in use before: 22.1 MB.
System memory in use after: 22.0 MB.

Unloading 77 unused Assets to reduce memory usage. Loaded Objects now: 672.
Total: 1.262222 ms (FindLiveObjects: 0.103506 ms CreateObjectMapping: 0.030024 ms MarkObjects: 1.104592 ms  DeleteObjects: 0.022913 ms)

Refresh: detecting if any assets need to be imported or removed ... Refresh: elapses 0.014399 seconds (Nothing changed)
PlayerSettings.applicationIdentifier only changes the identifier for the currently active platform. Please use SetApplicationIdentifier to set it for any platform
UnityEngine.DebugLogHandler:Internal_Log(LogType, String, Object)
UnityEngine.DebugLogHandler:LogFormat(LogType, Object, String, Object[])
UnityEngine.Logger:Log(LogType, Object)
UnityEngine.Debug:LogWarning(Object)
UnityEditor.PlayerSettings:set_applicationIdentifier(String) (at C:\buildslave\unity\build\artifacts\generated\common\editor\PlayerSettingsBindings.gen.cs:1241)
JBuilder:BuildProjectAllSceneAndroid() (at Assets\Editor\JBuilder.cs:21)
 
(Filename: Assets/Editor/JBuilder.cs Line: 21)

Updating ProjectSettings/ProjectSettings.asset - GUID: 00000000000000004000000000000000...
 done. [Time: 4.813037 ms] 
Refreshing native plugins compatible for Editor in 1.41 ms, found 5 plugins.
Preloading 3 native plugins for Editor in 0.37 ms.

----- Total AssetImport time: 0.072539s, AssetImport time: 0.028030s, Asset hashing: 0.000000s [0 B, 0.000000 mb/s]

DisplayProgressbar: Checking prerequisutes
Android PostProcess task "Checking prerequisutes" took 3.2012 ms
DisplayProgressbar: Detecting Android SDK
AndroidSDKTools:

	root          : C:\Users\hisat\AppData\Local\Android\sdk
	tools         : C:\Users\hisat\AppData\Local\Android\sdk\tools
	platform-tools: C:\Users\hisat\AppData\Local\Android\sdk\platform-tools
	build-tools   : C:\Users\hisat\AppData\Local\Android\sdk\build-tools\25.0.3

	adb      : C:\Users\hisat\AppData\Local\Android\sdk\platform-tools\adb.exe
	aapt     : C:\Users\hisat\AppData\Local\Android\sdk\build-tools\25.0.3\aapt.exe
	zipalign : C:\Users\hisat\AppData\Local\Android\sdk\build-tools\25.0.3\zipalign.exe

AndroidJavaTools:
	java     : C:\Program Files\Java\jdk1.8.0_131\bin\java.exe

Android PostProcess task "Detecting Android SDK" took 2073.1461 ms
Android PostProcess task "Trying to find a suitable Android device" took 0.1248 ms
BuildPlayer: start building target 13
- Starting compile Library/ScriptAssemblies/Assembly-CSharp.dll

-----Compiler Commandline Arguments:
Filename: "C:\Program Files\Unity2017.2.0b4\Editor\Data\MonoBleedingEdge\bin\mono.exe"
Arguments: "C:\Program Files\Unity2017.2.0b4\Editor\Data\MonoBleedingEdge\lib\mono\4.5\mcs.exe"  @Temp/UnityTempFile-3310cd55affbbbc4fa7c45f9453b1564
index: 87
Responsefile: Temp/UnityTempFile-3310cd55affbbbc4fa7c45f9453b1564 Contents: 
-debug
-target:library
-nowarn:0169
-langversion:4
-out:Temp/Assembly-CSharp.dll
-unsafe
-optimize
-r:"C:\Program Files\Unity2017.2.0b4\Editor\Data\PlaybackEngines\AndroidPlayer/Variations/mono/Managed/UnityEngine.dll"
-r:"C:\Program Files\Unity2017.2.0b4\Editor\Data\PlaybackEngines\AndroidPlayer/Variations/mono/Managed/UnityEngine.CoreModule.dll"
-r:"C:\Program Files\Unity2017.2.0b4\Editor\Data\PlaybackEngines\AndroidPlayer/Variations/mono/Managed/UnityEngine.AccessibilityModule.dll"
-r:"C:\Program Files\Unity2017.2.0b4\Editor\Data\PlaybackEngines\AndroidPlayer/Variations/mono/Managed/UnityEngine.ParticleSystemModule.dll"
-r:"C:\Program Files\Unity2017.2.0b4\Editor\Data\PlaybackEngines\AndroidPlayer/Variations/mono/Managed/UnityEngine.PhysicsModule.dll"
-r:"C:\Program Files\Unity2017.2.0b4\Editor\Data\PlaybackEngines\AndroidPlayer/Variations/mono/Managed/UnityEngine.VehiclesModule.dll"
-r:"C:\Program Files\Unity2017.2.0b4\Editor\Data\PlaybackEngines\AndroidPlayer/Variations/mono/Managed/UnityEngine.ClothModule.dll"
-r:"C:\Program Files\Unity2017.2.0b4\Editor\Data\PlaybackEngines\AndroidPlayer/Variations/mono/Managed/UnityEngine.AIModule.dll"
-r:"C:\Program Files\Unity2017.2.0b4\Editor\Data\PlaybackEngines\AndroidPlayer/Variations/mono/Managed/UnityEngine.AnimationModule.dll"
-r:"C:\Program Files\Unity2017.2.0b4\Editor\Data\PlaybackEngines\AndroidPlayer/Variations/mono/Managed/UnityEngine.TextRenderingModule.dll"
-r:"C:\Program Files\Unity2017.2.0b4\Editor\Data\PlaybackEngines\AndroidPlayer/Variations/mono/Managed/UnityEngine.UIModule.dll"
-r:"C:\Program Files\Unity2017.2.0b4\Editor\Data\PlaybackEngines\AndroidPlayer/Variations/mono/Managed/UnityEngine.TerrainPhysicsModule.dll"
-r:"C:\Program Files\Unity2017.2.0b4\Editor\Data\PlaybackEngines\AndroidPlayer/Variations/mono/Managed/UnityEngine.IMGUIModule.dll"
-r:"C:\Program Files\Unity2017.2.0b4\Editor\Data\PlaybackEngines\AndroidPlayer/Variations/mono/Managed/UnityEngine.UnityWebRequestModule.dll"
-r:"C:\Program Files\Unity2017.2.0b4\Editor\Data\PlaybackEngines\AndroidPlayer/Variations/mono/Managed/UnityEngine.UnityWebRequestAudioModule.dll"
-r:"C:\Program Files\Unity2017.2.0b4\Editor\Data\PlaybackEngines\AndroidPlayer/Variations/mono/Managed/UnityEngine.UnityWebRequestTextureModule.dll"
-r:"C:\Program Files\Unity2017.2.0b4\Editor\Data\PlaybackEngines\AndroidPlayer/Variations/mono/Managed/UnityEngine.UnityWebRequestWWWModule.dll"
-r:"C:\Program Files\Unity2017.2.0b4\Editor\Data\PlaybackEngines\AndroidPlayer/Variations/mono/Managed/UnityEngine.UNETModule.dll"
-r:"C:\Program Files\Unity2017.2.0b4\Editor\Data\PlaybackEngines\AndroidPlayer/Variations/mono/Managed/UnityEngine.DirectorModule.dll"
-r:"C:\Program Files\Unity2017.2.0b4\Editor\Data\PlaybackEngines\AndroidPlayer/Variations/mono/Managed/UnityEngine.UnityAnalyticsModule.dll"
-r:"C:\Program Files\Unity2017.2.0b4\Editor\Data\PlaybackEngines\AndroidPlayer/Variations/mono/Managed/UnityEngine.CrashReportingModule.dll"
-r:"C:\Program Files\Unity2017.2.0b4\Editor\Data\PlaybackEngines\AndroidPlayer/Variations/mono/Managed/UnityEngine.PerformanceReportingModule.dll"
-r:"C:\Program Files\Unity2017.2.0b4\Editor\Data\PlaybackEngines\AndroidPlayer/Variations/mono/Managed/UnityEngine.UnityConnectModule.dll"
-r:"C:\Program Files\Unity2017.2.0b4\Editor\Data\PlaybackEngines\AndroidPlayer/Variations/mono/Managed/UnityEngine.WebModule.dll"
-r:"C:\Program Files\Unity2017.2.0b4\Editor\Data\PlaybackEngines\AndroidPlayer/Variations/mono/Managed/UnityEngine.ARModule.dll"
-r:"C:\Program Files\Unity2017.2.0b4\Editor\Data\PlaybackEngines\AndroidPlayer/Variations/mono/Managed/UnityEngine.VRModule.dll"
-r:"C:\Program Files\Unity2017.2.0b4\Editor\Data\PlaybackEngines\AndroidPlayer/Variations/mono/Managed/UnityEngine.UIElementsModule.dll"
-r:"C:\Program Files\Unity2017.2.0b4\Editor\Data\PlaybackEngines\AndroidPlayer/Variations/mono/Managed/UnityEngine.StyleSheetsModule.dll"
-r:"C:\Program Files\Unity2017.2.0b4\Editor\Data\PlaybackEngines\AndroidPlayer/Variations/mono/Managed/UnityEngine.AudioModule.dll"
-r:"C:\Program Files\Unity2017.2.0b4\Editor\Data\PlaybackEngines\AndroidPlayer/Variations/mono/Managed/UnityEngine.GameCenterModule.dll"
-r:"C:\Program Files\Unity2017.2.0b4\Editor\Data\PlaybackEngines\AndroidPlayer/Variations/mono/Managed/UnityEngine.GridModule.dll"
-r:"C:\Program Files\Unity2017.2.0b4\Editor\Data\PlaybackEngines\AndroidPlayer/Variations/mono/Managed/UnityEngine.ImageConversionModule.dll"
-r:"C:\Program Files\Unity2017.2.0b4\Editor\Data\PlaybackEngines\AndroidPlayer/Variations/mono/Managed/UnityEngine.InputModule.dll"
-r:"C:\Program Files\Unity2017.2.0b4\Editor\Data\PlaybackEngines\AndroidPlayer/Variations/mono/Managed/UnityEngine.JSONSerializeModule.dll"
-r:"C:\Program Files\Unity2017.2.0b4\Editor\Data\PlaybackEngines\AndroidPlayer/Variations/mono/Managed/UnityEngine.ParticlesLegacyModule.dll"
-r:"C:\Program Files\Unity2017.2.0b4\Editor\Data\PlaybackEngines\AndroidPlayer/Variations/mono/Managed/UnityEngine.Physics2DModule.dll"
-r:"C:\Program Files\Unity2017.2.0b4\Editor\Data\PlaybackEngines\AndroidPlayer/Variations/mono/Managed/UnityEngine.ScreenCaptureModule.dll"
-r:"C:\Program Files\Unity2017.2.0b4\Editor\Data\PlaybackEngines\AndroidPlayer/Variations/mono/Managed/UnityEngine.SpriteMaskModule.dll"
-r:"C:\Program Files\Unity2017.2.0b4\Editor\Data\PlaybackEngines\AndroidPlayer/Variations/mono/Managed/UnityEngine.TerrainModule.dll"
-r:"C:\Program Files\Unity2017.2.0b4\Editor\Data\PlaybackEngines\AndroidPlayer/Variations/mono/Managed/UnityEngine.TilemapModule.dll"
-r:"C:\Program Files\Unity2017.2.0b4\Editor\Data\PlaybackEngines\AndroidPlayer/Variations/mono/Managed/UnityEngine.VideoModule.dll"
-r:"C:\Program Files\Unity2017.2.0b4\Editor\Data\PlaybackEngines\AndroidPlayer/Variations/mono/Managed/UnityEngine.WindModule.dll"
-r:"C:/Program Files/Unity2017.2.0b4/Editor/Data/UnityExtensions/Unity/GUISystem/Standalone/UnityEngine.UI.dll"
-r:"C:/Program Files/Unity2017.2.0b4/Editor/Data/UnityExtensions/Unity/Networking/Standalone/UnityEngine.Networking.dll"
-r:"C:/Program Files/Unity2017.2.0b4/Editor/Data/UnityExtensions/Unity/Timeline/Runtime/UnityEngine.Timeline.dll"
-r:"C:/Program Files/Unity2017.2.0b4/Editor/Data/UnityExtensions/Unity/UnityAR/Runtime/UnityEngine.AR.dll"
-r:C:/WINDOWS/system32/config/systemprofile/AppData/LocalLow/Unity/cache/packages/packages.unity.com/com.unity.analytics@0.0.17/UnityEngine.Analytics.dll
-define:UNITY_5_3_OR_NEWER
-define:UNITY_5_4_OR_NEWER
-define:UNITY_5_5_OR_NEWER
-define:UNITY_5_6_OR_NEWER
-define:UNITY_2017_1_OR_NEWER
-define:UNITY_2017_2_OR_NEWER
-define:UNITY_2017_2_0
-define:UNITY_2017_2
-define:UNITY_2017
-define:UNITY_ANALYTICS
-define:ENABLE_AUDIO
-define:ENABLE_CACHING
-define:ENABLE_CLOTH
-define:ENABLE_GENERICS
-define:ENABLE_PVR_GI
-define:ENABLE_MICROPHONE
-define:ENABLE_MULTIPLE_DISPLAYS
-define:ENABLE_PHYSICS
-define:ENABLE_SPRITERENDERER_FLIPPING
-define:ENABLE_SPRITES
-define:ENABLE_GRID
-define:ENABLE_TILEMAP
-define:ENABLE_TERRAIN
-define:ENABLE_RAKNET
-define:ENABLE_DIRECTOR
-define:ENABLE_UNET
-define:ENABLE_LZMA
-define:ENABLE_UNITYEVENTS
-define:ENABLE_WEBCAM
-define:ENABLE_WWW
-define:ENABLE_CLOUD_SERVICES_COLLAB
-define:ENABLE_CLOUD_SERVICES_COLLAB_SOFTLOCKS
-define:ENABLE_CLOUD_SERVICES_ADS
-define:ENABLE_CLOUD_HUB
-define:ENABLE_CLOUD_PROJECT_ID
-define:ENABLE_CLOUD_SERVICES_USE_WEBREQUEST
-define:ENABLE_CLOUD_SERVICES_UNET
-define:ENABLE_CLOUD_SERVICES_BUILD
-define:ENABLE_CLOUD_LICENSE
-define:ENABLE_EDITOR_HUB
-define:ENABLE_EDITOR_HUB_LICENSE
-define:ENABLE_WEBSOCKET_CLIENT
-define:ENABLE_DIRECTOR_AUDIO
-define:ENABLE_TIMELINE
-define:ENABLE_EDITOR_METRICS
-define:ENABLE_EDITOR_METRICS_CACHING
-define:ENABLE_NATIVE_ARRAY
-define:ENABLE_SPRITE_MASKING
-define:INCLUDE_DYNAMIC_GI
-define:INCLUDE_GI
-define:ENABLE_MONO_BDWGC
-define:PLATFORM_SUPPORTS_MONO
-define:INCLUDE_PUBNUB
-define:ENABLE_PLAYMODE_TESTS_RUNNER
-define:ENABLE_VIDEO
-define:ENABLE_RMGUI
-define:ENABLE_PACKMAN
-define:ENABLE_CUSTOM_RENDER_TEXTURE
-define:ENABLE_STYLE_SHEETS
-define:PLATFORM_ANDROID
-define:UNITY_ANDROID
-define:UNITY_ANDROID_API
-define:ENABLE_SUBSTANCE
-define:ENABLE_EGL
-define:ENABLE_NETWORK
-define:ENABLE_RUNTIME_GI
-define:ENABLE_CRUNCH_TEXTURE_COMPRESSION
-define:ENABLE_UNITYWEBREQUEST
-define:ENABLE_CLOUD_SERVICES
-define:ENABLE_CLOUD_SERVICES_ANALYTICS
-define:ENABLE_EVENT_QUEUE
-define:ENABLE_CLOUD_SERVICES_PURCHASING
-define:ENABLE_CLOUD_SERVICES_CRASH_REPORTING
-define:ENABLE_CLOUD_SERVICES_NATIVE_CRASH_REPORTING
-define:PLATFORM_SUPPORTS_ADS_ID
-define:UNITY_CAN_SHOW_SPLASH_SCREEN
-define:ENABLE_VR
-define:ENABLE_AR
-define:ENABLE_UNITYADS_RUNTIME
-define:UNITY_UNITYADS_API
-define:ENABLE_MONO
-define:NET_2_0_SUBSET
-define:UNITY_HAS_GOOGLEVR
-define:UNITY_HAS_TANGO
Assets/Script/Rolling.cs
-r:"C:\Program Files\Unity2017.2.0b4\Editor\Data\Mono\lib\mono\unity\System.Runtime.Serialization.dll"
-r:"C:\Program Files\Unity2017.2.0b4\Editor\Data\Mono\lib\mono\unity\System.Xml.Linq.dll"
-r:"C:\Program Files\Unity2017.2.0b4\Editor\Data\Mono\lib\mono\unity\UnityScript.dll"
-r:"C:\Program Files\Unity2017.2.0b4\Editor\Data\Mono\lib\mono\unity\UnityScript.Lang.dll"
-r:"C:\Program Files\Unity2017.2.0b4\Editor\Data\Mono\lib\mono\unity\Boo.Lang.dll"
-sdk:unity

-----CompilerOutput:-stdout--exitcode: 1--compilationhadfailure: True--outfile: Temp/Assembly-CSharp.dll
Compilation failed: 1 error(s), 0 warnings
-----CompilerOutput:-stderr----------
error CS0006: Metadata file `C:/WINDOWS/system32/config/systemprofile/AppData/LocalLow/Unity/cache/packages/packages.unity.com/com.unity.analytics@0.0.17/UnityEngine.Analytics.dll' could not be found
-----EndCompilerOutput---------------
- Finished compile Library/ScriptAssemblies/Assembly-CSharp.dll
error CS0006: Metadata file `C:/WINDOWS/system32/config/systemprofile/AppData/LocalLow/Unity/cache/packages/packages.unity.com/com.unity.analytics@0.0.17/UnityEngine.Analytics.dll' could not be found

Compilation failed: 1 error(s), 0 warnings
 
(Filename:  Line: 0)

DisplayProgressNotification: Build Failed
Error building Player because scripts had compiler errors
 
(Filename:  Line: -1)

Unloading 9 Unused Serialized files (Serialized files now loaded: 0)
System memory in use before: 39.2 MB.
System memory in use after: 39.3 MB.

Unloading 5 unused Assets to reduce memory usage. Loaded Objects now: 2663.
Total: 3.452444 ms (FindLiveObjects: 0.224790 ms CreateObjectMapping: 0.026074 ms MarkObjects: 3.189333 ms  DeleteObjects: 0.011851 ms)

Load scene 'Temp/__Backupscenes/0.backup' time: 0.015012 ms 
Unloading 0 Unused Serialized files (Serialized files now loaded: 0)
Setting up 2 worker threads for Enlighten.
  Thread -> id: 168c -> priority: 1 
  Thread -> id: 4bac -> priority: 1 
System memory in use before: 38.8 MB.
System memory in use after: 39.0 MB.

Unloading 0 unused Assets to reduce memory usage. Loaded Objects now: 2663.
Total: 4.028444 ms (FindLiveObjects: 0.290370 ms CreateObjectMapping: 0.042666 ms MarkObjects: 3.685135 ms  DeleteObjects: 0.009086 ms)


*** Cancelled 'Build.Player.AndroidPlayer' in 4 seconds (3708 ms)

- Starting compile Library/ScriptAssemblies/Assembly-CSharp.dll

-----Compiler Commandline Arguments:
Filename: "C:\Program Files\Unity2017.2.0b4\Editor\Data\MonoBleedingEdge\bin\mono.exe"
Arguments: "C:\Program Files\Unity2017.2.0b4\Editor\Data\MonoBleedingEdge\lib\mono\4.5\mcs.exe"  @Temp/UnityTempFile-72f7591f03dde1048a99cea6431181f8
index: 87
Responsefile: Temp/UnityTempFile-72f7591f03dde1048a99cea6431181f8 Contents: 
-debug
-target:library
-nowarn:0169
-langversion:4
-out:Temp/Assembly-CSharp.dll
-unsafe
-r:"C:/Program Files/Unity2017.2.0b4/Editor/Data/Managed/UnityEditor.dll"
-r:"C:/Program Files/Unity2017.2.0b4/Editor/Data/Managed/UnityEngine/UnityEngine.dll"
-r:"C:/Program Files/Unity2017.2.0b4/Editor/Data/Managed/UnityEngine/UnityEngine.CoreModule.dll"
-r:"C:/Program Files/Unity2017.2.0b4/Editor/Data/Managed/UnityEngine/UnityEngine.AccessibilityModule.dll"
-r:"C:/Program Files/Unity2017.2.0b4/Editor/Data/Managed/UnityEngine/UnityEngine.ParticleSystemModule.dll"
-r:"C:/Program Files/Unity2017.2.0b4/Editor/Data/Managed/UnityEngine/UnityEngine.PhysicsModule.dll"
-r:"C:/Program Files/Unity2017.2.0b4/Editor/Data/Managed/UnityEngine/UnityEngine.VehiclesModule.dll"
-r:"C:/Program Files/Unity2017.2.0b4/Editor/Data/Managed/UnityEngine/UnityEngine.ClothModule.dll"
-r:"C:/Program Files/Unity2017.2.0b4/Editor/Data/Managed/UnityEngine/UnityEngine.AIModule.dll"
-r:"C:/Program Files/Unity2017.2.0b4/Editor/Data/Managed/UnityEngine/UnityEngine.AnimationModule.dll"
-r:"C:/Program Files/Unity2017.2.0b4/Editor/Data/Managed/UnityEngine/UnityEngine.TextRenderingModule.dll"
-r:"C:/Program Files/Unity2017.2.0b4/Editor/Data/Managed/UnityEngine/UnityEngine.UIModule.dll"
-r:"C:/Program Files/Unity2017.2.0b4/Editor/Data/Managed/UnityEngine/UnityEngine.TerrainPhysicsModule.dll"
-r:"C:/Program Files/Unity2017.2.0b4/Editor/Data/Managed/UnityEngine/UnityEngine.IMGUIModule.dll"
-r:"C:/Program Files/Unity2017.2.0b4/Editor/Data/Managed/UnityEngine/UnityEngine.UnityWebRequestModule.dll"
-r:"C:/Program Files/Unity2017.2.0b4/Editor/Data/Managed/UnityEngine/UnityEngine.UnityWebRequestAudioModule.dll"
-r:"C:/Program Files/Unity2017.2.0b4/Editor/Data/Managed/UnityEngine/UnityEngine.UnityWebRequestTextureModule.dll"
-r:"C:/Program Files/Unity2017.2.0b4/Editor/Data/Managed/UnityEngine/UnityEngine.UnityWebRequestWWWModule.dll"
-r:"C:/Program Files/Unity2017.2.0b4/Editor/Data/Managed/UnityEngine/UnityEngine.ClusterInputModule.dll"
-r:"C:/Program Files/Unity2017.2.0b4/Editor/Data/Managed/UnityEngine/UnityEngine.ClusterRendererModule.dll"
-r:"C:/Program Files/Unity2017.2.0b4/Editor/Data/Managed/UnityEngine/UnityEngine.UNETModule.dll"
-r:"C:/Program Files/Unity2017.2.0b4/Editor/Data/Managed/UnityEngine/UnityEngine.DirectorModule.dll"
-r:"C:/Program Files/Unity2017.2.0b4/Editor/Data/Managed/UnityEngine/UnityEngine.UnityAnalyticsModule.dll"
-r:"C:/Program Files/Unity2017.2.0b4/Editor/Data/Managed/UnityEngine/UnityEngine.CrashReportingModule.dll"
-r:"C:/Program Files/Unity2017.2.0b4/Editor/Data/Managed/UnityEngine/UnityEngine.PerformanceReportingModule.dll"
-r:"C:/Program Files/Unity2017.2.0b4/Editor/Data/Managed/UnityEngine/UnityEngine.UnityConnectModule.dll"
-r:"C:/Program Files/Unity2017.2.0b4/Editor/Data/Managed/UnityEngine/UnityEngine.WebModule.dll"
-r:"C:/Program Files/Unity2017.2.0b4/Editor/Data/Managed/UnityEngine/UnityEngine.ARModule.dll"
-r:"C:/Program Files/Unity2017.2.0b4/Editor/Data/Managed/UnityEngine/UnityEngine.VRModule.dll"
-r:"C:/Program Files/Unity2017.2.0b4/Editor/Data/Managed/UnityEngine/UnityEngine.UIElementsModule.dll"
-r:"C:/Program Files/Unity2017.2.0b4/Editor/Data/Managed/UnityEngine/UnityEngine.StyleSheetsModule.dll"
-r:"C:/Program Files/Unity2017.2.0b4/Editor/Data/Managed/UnityEngine/UnityEngine.AudioModule.dll"
-r:"C:/Program Files/Unity2017.2.0b4/Editor/Data/Managed/UnityEngine/UnityEngine.GameCenterModule.dll"
-r:"C:/Program Files/Unity2017.2.0b4/Editor/Data/Managed/UnityEngine/UnityEngine.GridModule.dll"
-r:"C:/Program Files/Unity2017.2.0b4/Editor/Data/Managed/UnityEngine/UnityEngine.ImageConversionModule.dll"
-r:"C:/Program Files/Unity2017.2.0b4/Editor/Data/Managed/UnityEngine/UnityEngine.InputModule.dll"
-r:"C:/Program Files/Unity2017.2.0b4/Editor/Data/Managed/UnityEngine/UnityEngine.JSONSerializeModule.dll"
-r:"C:/Program Files/Unity2017.2.0b4/Editor/Data/Managed/UnityEngine/UnityEngine.ParticlesLegacyModule.dll"
-r:"C:/Program Files/Unity2017.2.0b4/Editor/Data/Managed/UnityEngine/UnityEngine.Physics2DModule.dll"
-r:"C:/Program Files/Unity2017.2.0b4/Editor/Data/Managed/UnityEngine/UnityEngine.ScreenCaptureModule.dll"
-r:"C:/Program Files/Unity2017.2.0b4/Editor/Data/Managed/UnityEngine/UnityEngine.SpriteMaskModule.dll"
-r:"C:/Program Files/Unity2017.2.0b4/Editor/Data/Managed/UnityEngine/UnityEngine.TerrainModule.dll"
-r:"C:/Program Files/Unity2017.2.0b4/Editor/Data/Managed/UnityEngine/UnityEngine.TilemapModule.dll"
-r:"C:/Program Files/Unity2017.2.0b4/Editor/Data/Managed/UnityEngine/UnityEngine.VideoModule.dll"
-r:"C:/Program Files/Unity2017.2.0b4/Editor/Data/Managed/UnityEngine/UnityEngine.WindModule.dll"
-r:"C:/Program Files/Unity2017.2.0b4/Editor/Data/UnityExtensions/Unity/GUISystem/UnityEngine.UI.dll"
-r:"C:/Program Files/Unity2017.2.0b4/Editor/Data/UnityExtensions/Unity/Networking/UnityEngine.Networking.dll"
-r:"C:/Program Files/Unity2017.2.0b4/Editor/Data/UnityExtensions/Unity/TestRunner/UnityEngine.TestRunner.dll"
-r:"C:/Program Files/Unity2017.2.0b4/Editor/Data/UnityExtensions/Unity/TestRunner/net35/unity-custom/nunit.framework.dll"
-r:"C:/Program Files/Unity2017.2.0b4/Editor/Data/UnityExtensions/Unity/Timeline/RuntimeEditor/UnityEngine.Timeline.dll"
-r:"C:/Program Files/Unity2017.2.0b4/Editor/Data/UnityExtensions/Unity/UIAutomation/UnityEngine.UIAutomation.dll"
-r:"C:/Program Files/Unity2017.2.0b4/Editor/Data/UnityExtensions/Unity/UnityAR/RuntimeEditor/UnityEngine.AR.dll"
-r:"C:/Program Files/Unity2017.2.0b4/Editor/Data/UnityExtensions/Unity/UnityGoogleAudioSpatializer/RuntimeEditor/UnityEngine.GoogleAudioSpatializer.dll"
-r:"C:/Program Files/Unity2017.2.0b4/Editor/Data/UnityExtensions/Unity/UnityHoloLens/RuntimeEditor/UnityEngine.HoloLens.dll"
-r:C:/WINDOWS/system32/config/systemprofile/AppData/LocalLow/Unity/cache/packages/packages.unity.com/com.unity.ads@0.0.16/UnityEngine.Advertisements.dll
-r:C:/WINDOWS/system32/config/systemprofile/AppData/LocalLow/Unity/cache/packages/packages.unity.com/com.unity.analytics@0.0.17/UnityEngine.Analytics.dll
-r:C:/WINDOWS/system32/config/systemprofile/AppData/LocalLow/Unity/cache/packages/packages.unity.com/com.unity.purchasing@0.0.18/UnityEngine.Purchasing.dll
-r:"C:/Program Files/Unity2017.2.0b4/Editor/Data/PlaybackEngines/iOSSupport\UnityEditor.iOS.Extensions.Xcode.dll"
-r:"C:/Program Files/Unity2017.2.0b4/Editor/Data/PlaybackEngines/iOSSupport\UnityEditor.iOS.Extensions.Common.dll"
-define:UNITY_5_3_OR_NEWER
-define:UNITY_5_4_OR_NEWER
-define:UNITY_5_5_OR_NEWER
-define:UNITY_5_6_OR_NEWER
-define:UNITY_2017_1_OR_NEWER
-define:UNITY_2017_2_OR_NEWER
-define:UNITY_2017_2_0
-define:UNITY_2017_2
-define:UNITY_2017
-define:UNITY_ANALYTICS
-define:ENABLE_AUDIO
-define:ENABLE_CACHING
-define:ENABLE_CLOTH
-define:ENABLE_GENERICS
-define:ENABLE_PVR_GI
-define:ENABLE_MICROPHONE
-define:ENABLE_MULTIPLE_DISPLAYS
-define:ENABLE_PHYSICS
-define:ENABLE_SPRITERENDERER_FLIPPING
-define:ENABLE_SPRITES
-define:ENABLE_GRID
-define:ENABLE_TILEMAP
-define:ENABLE_TERRAIN
-define:ENABLE_RAKNET
-define:ENABLE_DIRECTOR
-define:ENABLE_UNET
-define:ENABLE_LZMA
-define:ENABLE_UNITYEVENTS
-define:ENABLE_WEBCAM
-define:ENABLE_WWW
-define:ENABLE_CLOUD_SERVICES_COLLAB
-define:ENABLE_CLOUD_SERVICES_COLLAB_SOFTLOCKS
-define:ENABLE_CLOUD_SERVICES_ADS
-define:ENABLE_CLOUD_HUB
-define:ENABLE_CLOUD_PROJECT_ID
-define:ENABLE_CLOUD_SERVICES_USE_WEBREQUEST
-define:ENABLE_CLOUD_SERVICES_UNET
-define:ENABLE_CLOUD_SERVICES_BUILD
-define:ENABLE_CLOUD_LICENSE
-define:ENABLE_EDITOR_HUB
-define:ENABLE_EDITOR_HUB_LICENSE
-define:ENABLE_WEBSOCKET_CLIENT
-define:ENABLE_DIRECTOR_AUDIO
-define:ENABLE_TIMELINE
-define:ENABLE_EDITOR_METRICS
-define:ENABLE_EDITOR_METRICS_CACHING
-define:ENABLE_NATIVE_ARRAY
-define:ENABLE_SPRITE_MASKING
-define:INCLUDE_DYNAMIC_GI
-define:INCLUDE_GI
-define:ENABLE_MONO_BDWGC
-define:PLATFORM_SUPPORTS_MONO
-define:INCLUDE_PUBNUB
-define:ENABLE_PLAYMODE_TESTS_RUNNER
-define:ENABLE_VIDEO
-define:ENABLE_RMGUI
-define:ENABLE_PACKMAN
-define:ENABLE_CUSTOM_RENDER_TEXTURE
-define:ENABLE_STYLE_SHEETS
-define:PLATFORM_ANDROID
-define:UNITY_ANDROID
-define:UNITY_ANDROID_API
-define:ENABLE_SUBSTANCE
-define:ENABLE_EGL
-define:ENABLE_NETWORK
-define:ENABLE_RUNTIME_GI
-define:ENABLE_CRUNCH_TEXTURE_COMPRESSION
-define:ENABLE_UNITYWEBREQUEST
-define:ENABLE_CLOUD_SERVICES
-define:ENABLE_CLOUD_SERVICES_ANALYTICS
-define:ENABLE_EVENT_QUEUE
-define:ENABLE_CLOUD_SERVICES_PURCHASING
-define:ENABLE_CLOUD_SERVICES_CRASH_REPORTING
-define:ENABLE_CLOUD_SERVICES_NATIVE_CRASH_REPORTING
-define:PLATFORM_SUPPORTS_ADS_ID
-define:UNITY_CAN_SHOW_SPLASH_SCREEN
-define:ENABLE_VR
-define:ENABLE_AR
-define:ENABLE_UNITYADS_RUNTIME
-define:UNITY_UNITYADS_API
-define:ENABLE_MONO
-define:NET_2_0_SUBSET
-define:ENABLE_PROFILER
-define:DEBUG
-define:TRACE
-define:UNITY_ASSERTIONS
-define:UNITY_EDITOR
-define:UNITY_EDITOR_64
-define:UNITY_EDITOR_WIN
-define:ENABLE_NATIVE_ARRAY_CHECKS
-define:UNITY_TEAM_LICENSE
-define:ENABLE_VSTU
-define:UNITY_HAS_GOOGLEVR
-define:UNITY_HAS_TANGO
Assets/Script/Rolling.cs
-r:"C:\Program Files\Unity2017.2.0b4\Editor\Data\Mono\lib\mono\unity\System.Runtime.Serialization.dll"
-r:"C:\Program Files\Unity2017.2.0b4\Editor\Data\Mono\lib\mono\unity\System.Xml.Linq.dll"
-r:"C:\Program Files\Unity2017.2.0b4\Editor\Data\Mono\lib\mono\unity\UnityScript.dll"
-r:"C:\Program Files\Unity2017.2.0b4\Editor\Data\Mono\lib\mono\unity\UnityScript.Lang.dll"
-r:"C:\Program Files\Unity2017.2.0b4\Editor\Data\Mono\lib\mono\unity\Boo.Lang.dll"
-sdk:unity

-----CompilerOutput:-stdout--exitcode: 1--compilationhadfailure: True--outfile: Temp/Assembly-CSharp.dll
Compilation failed: 3 error(s), 0 warnings
-----CompilerOutput:-stderr----------
error CS0006: Metadata file `C:/WINDOWS/system32/config/systemprofile/AppData/LocalLow/Unity/cache/packages/packages.unity.com/com.unity.ads@0.0.16/UnityEngine.Advertisements.dll' could not be found
error CS0006: Metadata file `C:/WINDOWS/system32/config/systemprofile/AppData/LocalLow/Unity/cache/packages/packages.unity.com/com.unity.analytics@0.0.17/UnityEngine.Analytics.dll' could not be found
error CS0006: Metadata file `C:/WINDOWS/system32/config/systemprofile/AppData/LocalLow/Unity/cache/packages/packages.unity.com/com.unity.purchasing@0.0.18/UnityEngine.Purchasing.dll' could not be found
-----EndCompilerOutput---------------
- Finished compile Library/ScriptAssemblies/Assembly-CSharp.dll
error CS0006: Metadata file `C:/WINDOWS/system32/config/systemprofile/AppData/LocalLow/Unity/cache/packages/packages.unity.com/com.unity.ads@0.0.16/UnityEngine.Advertisements.dll' could not be found
error CS0006: Metadata file `C:/WINDOWS/system32/config/systemprofile/AppData/LocalLow/Unity/cache/packages/packages.unity.com/com.unity.analytics@0.0.17/UnityEngine.Analytics.dll' could not be found
error CS0006: Metadata file `C:/WINDOWS/system32/config/systemprofile/AppData/LocalLow/Unity/cache/packages/packages.unity.com/com.unity.purchasing@0.0.18/UnityEngine.Purchasing.dll' could not be found

Compilation failed: 3 error(s), 0 warnings
 
(Filename:  Line: 0)

Batchmode quit successfully invoked - shutting down!
Refresh: detecting if any assets need to be imported or removed ... Refresh: elapses 0.018575 seconds (Nothing changed)
Refresh: detecting if any assets need to be imported or removed ... Refresh: elapses 0.015512 seconds (Nothing changed)
PackageManager Server::Kill -- Server was shutdown
Cleanup mono
[usbmuxd] Stop listen thread
[usbmuxd] Listen thread exiting
Exiting batchmode successfully now!
debugger-agent: Unable to listen on 3420
